{"level":"info","message":"Reshuffle Initializing","timestamp":"2020-11-25T00:11:14.215Z"}
{"level":"info","message":"Reshuffle Registering event CRON/qIBsQ19-FPT83iqUt_0RD/6-OtoZRFC9zdGRIktoUW0","timestamp":"2020-11-25T00:11:14.224Z"}
{"level":"info","message":"Reshuffle Initializing","timestamp":"2020-11-25T00:11:28.325Z"}
{"level":"info","message":"Reshuffle Registering event CRON/UApPwsrr82nSSsr0JK16M/zx4OuJa1SGdEJY_6xHC5Y","timestamp":"2020-11-25T00:11:28.337Z"}
{"level":"info","message":"Reshuffle Initializing","timestamp":"2020-11-25T00:11:41.928Z"}
{"level":"info","message":"Reshuffle Registering event CRON/qTs6XZWKnAnK6JFBVuRvO/2HPTOYeqKeawOPjK5d0D-","timestamp":"2020-11-25T00:11:41.937Z"}
{"level":"info","message":"Reshuffle Initializing","timestamp":"2020-11-25T00:11:55.688Z"}
{"level":"info","message":"Reshuffle Registering event CRON/SJ432Ieg06xCG2spkZket/oK0ohkMQqLCPpnu9O6uh3","timestamp":"2020-11-25T00:11:55.698Z"}
{"level":"info","message":"Reshuffle Initializing","timestamp":"2020-11-25T00:12:17.384Z"}
{"level":"info","message":"Reshuffle Registering event CRON/A0hjqXaAsge0ss7_MlAD0/oGj2H-n4hQuT8JiZPgduG","timestamp":"2020-11-25T00:12:17.411Z"}
{"level":"info","message":"Reshuffle Initializing","timestamp":"2020-11-25T00:13:04.993Z"}
{"level":"info","message":"Reshuffle Registering event CRON/B_vq4ZLgBmcNflxnwlGsI/eIXEj-jr78fj5-NIm3Z-4","timestamp":"2020-11-25T00:13:05.002Z"}
{"level":"info","message":"Reshuffle Initializing","timestamp":"2020-11-25T00:13:26.247Z"}
{"level":"info","message":"Reshuffle Registering event CRON/J2S9fQIcwwc-LJRuBZDHz/GJMKOfP-yNWMRzFk9oNvE","timestamp":"2020-11-25T00:13:26.256Z"}
{"level":"info","message":"Reshuffle Initializing","timestamp":"2020-11-25T00:13:35.502Z"}
{"level":"info","message":"Reshuffle Registering event CRON/YXlIP6WfLs0w4JxYJKrvV/PWnI6R6rVYaI0g1ZqB67p","timestamp":"2020-11-25T00:13:35.511Z"}
{"level":"info","message":"Reshuffle Initializing","timestamp":"2020-11-25T00:13:43.013Z"}
{"level":"info","message":"Reshuffle Registering event CRON/cgSJr7Wg8rCNgobuxNKFD/H--qUl_Fszl_RNo1BjE5n","timestamp":"2020-11-25T00:13:43.023Z"}
{"level":"info","message":"Reshuffle Initializing","timestamp":"2020-11-25T00:14:58.718Z"}
{"level":"info","message":"Reshuffle Registering event CRON/JAbdk2s040d65lBKiCN7l/ua8qaoU0Vtwla0hq8zms6","timestamp":"2020-11-25T00:14:58.731Z"}
{"level":"info","message":"Reshuffle Initializing","timestamp":"2020-11-25T00:15:05.942Z"}
{"level":"info","message":"Reshuffle Registering event CRON/wFfOEE40nQtgTnx_j0IZh/p9MyRB1a_TRqmZEo0m71w","timestamp":"2020-11-25T00:15:05.957Z"}
{"level":"info","message":"Reshuffle Initializing","timestamp":"2020-11-25T00:15:14.247Z"}
{"level":"info","message":"Reshuffle Registering event CRON/ckoaCu2_HQ75k49U2msUD/PC3t5Bq5J5fDBmrL895Cb","timestamp":"2020-11-25T00:15:14.262Z"}
{"level":"info","message":"Reshuffle Initializing","timestamp":"2020-11-25T00:15:56.311Z"}
{"level":"info","message":"Reshuffle Registering event CRON/FMo7fM4CfHOtqXjO18PsJ/eSlOqBjX3AczTdLX20ruQ","timestamp":"2020-11-25T00:15:56.321Z"}
{"level":"info","message":"Reshuffle Initializing","timestamp":"2020-11-25T00:17:04.119Z"}
{"level":"info","message":"Reshuffle Registering event CRON/ngEi82qbi-9VNTLoqxJXh/r8nVaGFb92-4heWyxJjXS","timestamp":"2020-11-25T00:17:04.135Z"}
{"level":"info","message":"Reshuffle Initializing","timestamp":"2020-11-25T00:18:26.500Z"}
{"level":"info","message":"Reshuffle Registering event CRON/vqpz_i6-optqOgd43cnEQ/5EfhyiiMG_zCZ4H7wZufx","timestamp":"2020-11-25T00:18:26.530Z"}
{"level":"info","message":"Reshuffle Initializing","timestamp":"2020-11-25T00:44:08.746Z"}
{"level":"info","message":"Reshuffle Registering event CRON/JPErnuSiAZgQVbAu7mJRX/eKYwo9Jgagt_m_x3JvIcd","timestamp":"2020-11-25T00:44:08.756Z"}
{"level":"info","message":"Reshuffle Initializing","timestamp":"2020-11-25T00:44:42.449Z"}
{"level":"info","message":"Reshuffle Registering event CRON/rs0gn6EPTTG_8Gh9ATu8U/xoukdBcbZ3RJHUOzs9VpX","timestamp":"2020-11-25T00:44:43.197Z"}
{"level":"info","message":"Reshuffle Initializing","timestamp":"2020-11-25T00:45:29.157Z"}
{"level":"info","message":"Reshuffle Initializing","timestamp":"2020-11-25T00:45:43.195Z"}
{"level":"info","message":"Reshuffle Registering event CRON/ajZJ8GT-lbECbqK9eC8ZQ/IyFrb6D7yT8EM6AzSiixC","timestamp":"2020-11-25T00:45:43.658Z"}
{"level":"info","message":"Reshuffle Initializing","timestamp":"2020-11-25T00:45:57.253Z"}
{"level":"info","message":"Reshuffle Registering event CRON/RyWOb3eRJ66PB42iUCdeJ/HvCienKz-ku_41jylU1Oa","timestamp":"2020-11-25T00:45:57.913Z"}
{"level":"info","message":"Reshuffle Initializing","timestamp":"2020-11-25T00:46:10.314Z"}
{"level":"info","message":"Reshuffle Registering event CRON/1f20mzF9lt5OPa17QLHAA/ZCbgKOXsb-lKyooXw37uu","timestamp":"2020-11-25T00:46:10.957Z"}
{"level":"info","message":"Reshuffle Initializing","timestamp":"2020-11-25T00:54:41.621Z"}
{"level":"info","message":"Reshuffle Registering event CRON/CX3MC6osEhDVBBeJZ67vI/fxPQljPELcWRtxjz_JEEN","timestamp":"2020-11-25T00:54:42.238Z"}
{"level":"info","message":"Reshuffle Initializing","timestamp":"2020-11-25T01:11:47.521Z"}
{"level":"info","message":"Reshuffle Registering event CRON/JnhFLWvn1OOFhbdFGs9G4/-8_2ppWvP10emsUxGAnRR","timestamp":"2020-11-25T01:11:48.403Z"}
{"level":"info","message":"Reshuffle Initializing","timestamp":"2020-11-25T01:13:13.681Z"}
{"level":"info","message":"Reshuffle Registering event CRON/LIrziJcWZJDP0ysK9Z47L/3tMixzauBvnl4cP-Z3l9a","timestamp":"2020-11-25T01:13:13.691Z"}
{"level":"info","message":"Reshuffle Initializing","timestamp":"2020-11-25T01:13:26.702Z"}
{"level":"info","message":"Reshuffle Registering event CRON/cX_JBOKbb5IXPFy9DtqVD/YL1Ia5lsi5CV3SVyUQE8d","timestamp":"2020-11-25T01:13:27.395Z"}
{"level":"info","message":"Reshuffle Initializing","timestamp":"2020-11-25T01:13:47.701Z"}
{"level":"info","message":"Reshuffle Registering event CRON/Bh4s6YdH7Y70Vdmrz1TGy/fs06Sig6giEEisQ9-z0PT","timestamp":"2020-11-25T01:13:48.599Z"}
{"level":"info","message":"Reshuffle Initializing","timestamp":"2020-11-25T01:14:57.233Z"}
{"level":"info","message":"Reshuffle Registering event CRON/Se7jc1MfZv7gsOwQ6mZnz/_FRTyZ1mVofHQ8GPUaKwv","timestamp":"2020-11-25T01:14:58.142Z"}
{"level":"info","message":"Reshuffle Initializing","timestamp":"2020-11-25T01:15:25.289Z"}
{"level":"info","message":"Reshuffle Registering event CRON/IXdNrt0Hf7aWTEQYf0YyC/46QflqbYkduD2HVOcrbmy","timestamp":"2020-11-25T01:15:26.209Z"}
{"level":"info","message":"Reshuffle Initializing","timestamp":"2020-11-25T01:16:07.822Z"}
{"level":"info","message":"Reshuffle Registering event CRON/d_QZOrA3fergGoDUG0lE5/JhlDnPcwwrixFvXrDBbiE","timestamp":"2020-11-25T01:16:08.613Z"}
{"level":"info","message":"Reshuffle Initializing","timestamp":"2020-11-25T01:16:14.338Z"}
{"level":"info","message":"Reshuffle Registering event CRON/hTTYoY6If3sDq-jIxvv1_/KJtcCXewv2z7jYMPU-pnz","timestamp":"2020-11-25T01:16:15.376Z"}
{"level":"info","message":"Reshuffle Initializing","timestamp":"2020-11-25T01:16:19.123Z"}
{"level":"info","message":"Reshuffle Registering event CRON/RHhYlCbbQy4dS-sp1Qi90/CDl4GMDwXGiwTifdIxwpZ","timestamp":"2020-11-25T01:16:19.940Z"}
{"level":"info","message":"Reshuffle Initializing","timestamp":"2020-11-25T01:16:43.765Z"}
{"level":"info","message":"Reshuffle Registering event CRON/5ZsQpoFErS8hoh7IaB5NP/UjaUfTUhULRtGXhDpLjH6","timestamp":"2020-11-25T01:16:44.510Z"}
{"level":"info","message":"Reshuffle Initializing","timestamp":"2020-11-25T01:16:58.829Z"}
{"level":"info","message":"Reshuffle Registering event CRON/LgFyMslFMEV8Kf8-MFPCA/sNIf83U8JCpvWdVB1O-gX","timestamp":"2020-11-25T01:16:59.605Z"}
{"level":"info","message":"Reshuffle Initializing","timestamp":"2020-11-25T01:17:10.748Z"}
{"level":"info","message":"Reshuffle Initializing","timestamp":"2020-11-25T01:17:18.677Z"}
{"level":"info","message":"Reshuffle Registering event CRON/nAxgJHsxEpblwYGYjAYe8/KAR0YdHsbdeOjlhRsWvlk","timestamp":"2020-11-25T01:17:19.482Z"}
{"level":"info","message":"Reshuffle Initializing","timestamp":"2020-11-25T01:17:30.150Z"}
{"level":"info","message":"Reshuffle Registering event CRON/eJDrNPcZaqljjU2jjnOvq/DDA2XQLexUpZdxfoJ7GXt","timestamp":"2020-11-25T01:17:31.152Z"}
{"level":"info","message":"Reshuffle Initializing","timestamp":"2020-11-25T01:17:41.852Z"}
{"level":"info","message":"Reshuffle Registering event CRON/ZGjb8QeQ5R1QA2EzzrzO9/eH74GBbXMm5FeCyrXpj94","timestamp":"2020-11-25T01:17:42.536Z"}
{"level":"info","message":"Reshuffle Initializing","timestamp":"2020-11-25T01:28:33.854Z"}
{"level":"info","message":"Reshuffle Registering event CRON/LXAK8zLJ8pjknrhAL1yh1/iq62vF5eHZE1SzfcjEECy","timestamp":"2020-11-25T01:28:34.689Z"}
{"level":"info","message":"Reshuffle Initializing","timestamp":"2020-11-25T01:34:49.276Z"}
{"level":"info","message":"Reshuffle Registering event CRON/m7RYds0ql-BrLHH8KT8Qr/136KTKr-GtdZ2oJRc1xlC","timestamp":"2020-11-25T01:34:51.368Z"}
{"level":"info","message":"Reshuffle Initializing","timestamp":"2020-11-25T01:34:58.468Z"}
{"level":"info","message":"Reshuffle Registering event CRON/ThSk_a5UAChBITryIFo6i/zW4D7eQDbivc5yZE8zkNz","timestamp":"2020-11-25T01:34:59.286Z"}
{"level":"info","message":"Reshuffle Initializing","timestamp":"2020-11-25T01:35:05.088Z"}
{"level":"info","message":"Reshuffle Registering event CRON/5TCHVlANG_FvnSiq0dMak/V_rArrqCnKArJK1uLfqtc","timestamp":"2020-11-25T01:35:06.078Z"}
{"level":"info","message":"Reshuffle Initializing","timestamp":"2020-11-25T01:35:09.739Z"}
{"level":"info","message":"Reshuffle Registering event CRON/eqJcACWoq5uMI0R9G_SkD/b6PROtuyYny_RluijBVgC","timestamp":"2020-11-25T01:35:10.436Z"}
{"level":"info","message":"Reshuffle Initializing","timestamp":"2020-11-25T01:39:39.022Z"}
{"level":"info","message":"Reshuffle Initializing","timestamp":"2020-11-25T01:39:42.085Z"}
{"level":"info","message":"Reshuffle Initializing","timestamp":"2020-11-25T01:39:49.932Z"}
{"level":"info","message":"Reshuffle Initializing","timestamp":"2020-11-25T01:40:08.803Z"}
{"level":"info","message":"Reshuffle Registering event CRON/p4BIilzd7f0vGx07MdNx3/cABRtblDrmph21zFSOo9K","timestamp":"2020-11-25T01:40:09.585Z"}
{"level":"info","message":"Reshuffle Initializing","timestamp":"2020-11-25T01:42:44.303Z"}
{"level":"info","message":"Reshuffle Registering event CRON/YC17TIsEp4qTc8ExJEjYk/-FgOr5xoc15jZncDuZE4y","timestamp":"2020-11-25T01:42:45.166Z"}
{"level":"info","message":"Reshuffle Initializing","timestamp":"2020-11-25T01:43:24.851Z"}
{"level":"info","message":"Reshuffle Registering event CRON/rI8B-8ZPbANTxEfiyaq_m/weXp-W7IlhloCkXo4dxCa","timestamp":"2020-11-25T01:43:25.774Z"}
{"level":"info","message":"Reshuffle Initializing","timestamp":"2020-11-25T01:43:37.600Z"}
{"level":"info","message":"Reshuffle Registering event CRON/SLuvq0ATS-FlpgxeIHMWZ/G25ROzFz1y6AvE-W1VFTC","timestamp":"2020-11-25T01:43:37.609Z"}
{"level":"info","message":"Reshuffle Initializing","timestamp":"2020-11-25T01:49:12.171Z"}
{"level":"info","message":"Reshuffle Registering event CRON/u4S3hFTjGmhKre-ZbdygX/gQe88Ac1KXUgQjN2mxYe4","timestamp":"2020-11-25T01:49:12.208Z"}
{"level":"info","message":"Reshuffle Initializing","timestamp":"2020-11-25T01:49:32.025Z"}
{"level":"info","message":"Reshuffle Registering event CRON/8kiX5IsEbM4u-PAnNXyP3/M-GhHr8ek3-qH6HDEFDfY","timestamp":"2020-11-25T01:49:32.037Z"}
{"level":"info","message":"Reshuffle Initializing","timestamp":"2020-11-25T01:51:09.819Z"}
{"level":"info","message":"Reshuffle Registering event CRON/-_YbsHlRaZmVRwhXMbAGe/kFi4AvmvxHsJL6bPTyw2_","timestamp":"2020-11-25T01:51:09.827Z"}
{"level":"info","message":"Reshuffle Initializing","timestamp":"2020-11-25T01:51:13.762Z"}
{"level":"info","message":"Reshuffle Registering event CRON/dMPbHlpCJcg1JIEAKxdFo/hB5MWoYyYa9qB9vmkVves","timestamp":"2020-11-25T01:51:13.771Z"}
{"level":"info","message":"Reshuffle Initializing","timestamp":"2020-11-25T01:51:28.241Z"}
{"level":"info","message":"Reshuffle Registering event CRON/P6MR257oFYcmgxQwn3l0-/N0XKTN111BiSKseUdqlqC","timestamp":"2020-11-25T01:51:28.253Z"}
{"level":"info","message":"Reshuffle Initializing","timestamp":"2020-11-25T01:52:27.371Z"}
{"level":"info","message":"Reshuffle Registering event CRON/TNXuPyTF1Kls3-QfexvZk/S7bXyUc6crqM9DVPRJTNO","timestamp":"2020-11-25T01:52:27.380Z"}
{"level":"info","message":"Reshuffle Initializing","timestamp":"2020-11-25T01:52:38.415Z"}
{"level":"info","message":"Reshuffle Registering event CRON/CmUdtOp1YtQuywggsi1VD/trisNFx2e14hCe2Arpfrq","timestamp":"2020-11-25T01:52:38.429Z"}
{"level":"info","message":"Reshuffle Initializing","timestamp":"2020-11-25T01:52:53.185Z"}
{"level":"info","message":"Reshuffle Registering event CRON/Uv9Yl5rzy6nydiK2K-imS/L7GnucGW5J4LUUUuPqACZ","timestamp":"2020-11-25T01:52:53.205Z"}
{"level":"info","message":"Reshuffle Initializing","timestamp":"2020-11-25T01:53:05.543Z"}
{"level":"info","message":"Reshuffle Registering event CRON/cN0nRQdtIjfAKY7Cv7lZ2/x4NTdjDv3dqiy8I4LDDzZ","timestamp":"2020-11-25T01:53:05.558Z"}
{"level":"info","message":"Reshuffle Initializing","timestamp":"2020-11-25T01:53:12.607Z"}
{"level":"info","message":"Reshuffle Registering event CRON/benNfaC5yWDzCDufmW1m4/m7xbtLalOBHgGbzhgEsDb","timestamp":"2020-11-25T01:53:12.622Z"}
{"level":"info","message":"Reshuffle Initializing","timestamp":"2020-11-25T01:53:24.345Z"}
{"level":"info","message":"Reshuffle Registering event CRON/zs2tO-J8Hoxx0NbsamoOK/DmXw1dPM7QknY1FBjDCef","timestamp":"2020-11-25T01:53:24.421Z"}
{"level":"info","message":"Reshuffle Initializing","timestamp":"2020-11-25T01:53:36.799Z"}
{"level":"info","message":"Reshuffle Registering event CRON/oxhvyM5Q9ccu8pBs2GkIS/fQLei2dk-eS97-DT6NMmV","timestamp":"2020-11-25T01:53:36.817Z"}
{"level":"info","message":"Reshuffle Initializing","timestamp":"2020-11-25T01:54:04.451Z"}
{"level":"info","message":"Reshuffle Registering event CRON/y1Ji2w9zSBFQZzq--uTV_/Rfic9Omp2jhViKu1vd4R4","timestamp":"2020-11-25T01:54:04.480Z"}
{"level":"info","message":"Reshuffle Initializing","timestamp":"2020-11-25T01:54:20.477Z"}
{"level":"info","message":"Reshuffle Registering event CRON/-HLYsUMJ7sc59CbeesTi6/jF2Em8Hjhct6L1BZlupFh","timestamp":"2020-11-25T01:54:20.491Z"}
{"level":"info","message":"Reshuffle Initializing","timestamp":"2020-11-25T01:54:44.812Z"}
{"level":"info","message":"Reshuffle Registering event CRON/HAQzHbnfh4tninpED9ABU/3aRccEmXW5k3cqqWdGK3B","timestamp":"2020-11-25T01:54:44.887Z"}
{"level":"info","message":"Reshuffle Initializing","timestamp":"2020-11-25T01:55:20.401Z"}
{"level":"info","message":"Reshuffle Registering event CRON/UVhcLqnqloB2crzUr84Xy/PfTRLugDchR4_Cscu3oKZ","timestamp":"2020-11-25T01:55:20.509Z"}
{"level":"info","message":"Reshuffle Initializing","timestamp":"2020-11-25T01:55:26.248Z"}
{"level":"info","message":"Reshuffle Registering event CRON/eCdqnLV5nXLUPf-0vRHL6/4x0CDQytOU9XokjBAn3_k","timestamp":"2020-11-25T01:55:26.265Z"}
{"level":"info","message":"Reshuffle Initializing","timestamp":"2020-11-25T01:55:48.945Z"}
{"level":"info","message":"Reshuffle Registering event CRON/AS3Jp_6syEm3FVEyLm_8x/kw8jFo4_pbWT86D7PfPhQ","timestamp":"2020-11-25T01:55:48.997Z"}
{"level":"info","message":"Reshuffle Initializing","timestamp":"2020-11-25T01:56:47.200Z"}
{"level":"info","message":"Reshuffle Registering event CRON/qUTI36GxpPJ0XHlcaZqF0/ho4s1VhUiHnaZekgLKzC6","timestamp":"2020-11-25T01:56:48.167Z"}
{"level":"info","message":"Reshuffle Initializing","timestamp":"2020-11-25T01:56:54.183Z"}
{"level":"info","message":"Reshuffle Registering event CRON/Wg_Kt_9C_U4BP_obUDo5h/zaUdyKVQctG9iOKKQKPAL","timestamp":"2020-11-25T01:56:54.850Z"}
{"level":"info","message":"Reshuffle Initializing","timestamp":"2020-11-25T01:57:01.810Z"}
{"level":"info","message":"Reshuffle Registering event CRON/HNUQVuHjDzsYGbiDk2HOl/zL8SEG_HBrMrYWK4U1-sP","timestamp":"2020-11-25T01:57:02.505Z"}
{"level":"info","message":"Reshuffle Initializing","timestamp":"2020-11-25T01:57:33.528Z"}
{"level":"info","message":"Reshuffle Registering event CRON/8UI2Cum0p-adUHDAKDlwG/hqxPYJUO6O_PW_l3QDqYX","timestamp":"2020-11-25T01:57:34.453Z"}
{"level":"info","message":"Reshuffle Initializing","timestamp":"2020-11-25T01:58:02.412Z"}
{"level":"info","message":"Reshuffle Registering event CRON/uEMixjua-fL9BWPukBjG7/dostSSlZuluK-ck-rkprm","timestamp":"2020-11-25T01:58:03.438Z"}
{"level":"info","message":"Reshuffle Initializing","timestamp":"2020-11-25T01:58:09.297Z"}
{"level":"info","message":"Reshuffle Registering event CRON/zei11jIb_E4ZjYSg8elgm/r1wwpx0NQJwoGCpzlRWjb","timestamp":"2020-11-25T01:58:09.312Z"}
{"level":"info","message":"Reshuffle Initializing","timestamp":"2020-11-25T01:58:23.634Z"}
{"level":"info","message":"Reshuffle Registering event CRON/fthXQvKL-sOXJUQp4gmJT/nMb5yc7F0BodBc2i3sy7W","timestamp":"2020-11-25T01:58:24.262Z"}
{"level":"info","message":"Reshuffle Initializing","timestamp":"2020-11-25T01:58:36.906Z"}
{"level":"info","message":"Reshuffle Registering event CRON/chVKNL-aYFHHpLYAXaUqG/IKl82b_0zUo8VeBYK_8GH","timestamp":"2020-11-25T01:58:37.748Z"}
{"level":"info","message":"Reshuffle Initializing","timestamp":"2020-11-25T01:58:57.295Z"}
{"level":"info","message":"Reshuffle Registering event CRON/pjXFkr3qH0uMWO8A5J1iL/Vn4rAqeXDh3qGeJlegecO","timestamp":"2020-11-25T01:58:58.212Z"}
{"level":"info","message":"Reshuffle Initializing","timestamp":"2020-11-25T01:59:37.614Z"}
{"level":"info","message":"Reshuffle Registering event CRON/VMW3nLGF11DjwgvcM8i7u/Hn8BtLzwuK3NqG2_giu4E","timestamp":"2020-11-25T01:59:38.204Z"}
{"level":"info","message":"Reshuffle Initializing","timestamp":"2020-11-25T01:59:43.105Z"}
{"level":"info","message":"Reshuffle Registering event CRON/MIG5rfT5SjvDIg6YsQSze/01noOMipgrVtJAUdyxQoD","timestamp":"2020-11-25T01:59:43.933Z"}
{"level":"info","message":"Reshuffle Initializing","timestamp":"2020-11-25T02:01:43.598Z"}
{"level":"info","message":"Reshuffle Registering event CRON/hIWVq7c5_VKSDF31A3Wvz/4ewhAr7bg-YsatLEJrmDm","timestamp":"2020-11-25T02:01:44.415Z"}
{"level":"info","message":"Reshuffle Initializing","timestamp":"2020-11-25T02:02:05.340Z"}
{"level":"info","message":"Reshuffle Registering event CRON/oejjoY4vqZECMeOAElQAy/HoLsV0HnAl_P9K22PrJML","timestamp":"2020-11-25T02:02:06.115Z"}
{"level":"info","message":"Reshuffle Initializing","timestamp":"2020-11-25T02:02:08.127Z"}
{"level":"info","message":"Reshuffle Registering event CRON/h_lfNBKKRWXURPm58cQsJ/8sFEXQbfBClnRNuoXKxIo","timestamp":"2020-11-25T02:02:09.089Z"}
{"level":"info","message":"Reshuffle Initializing","timestamp":"2020-11-25T02:02:13.046Z"}
{"level":"info","message":"Reshuffle Registering event CRON/ImgwY7eUH1vX_8hJgTC4s/TJFRiWKv1Nen8LpqAYyV2","timestamp":"2020-11-25T02:02:13.808Z"}
{"level":"info","message":"Reshuffle Initializing","timestamp":"2020-11-25T02:12:26.416Z"}
{"level":"info","message":"Reshuffle Registering event CRON/Nh5tTYeZaCHBVZ-Qlt0hi/_Sq5EStUwUSuipH5UnDK_","timestamp":"2020-11-25T02:12:27.061Z"}
{"level":"info","message":"Reshuffle Initializing","timestamp":"2020-11-25T02:12:31.727Z"}
{"level":"info","message":"Reshuffle Registering event CRON/hScElYzLyK-aGggj46ZBJ/vxZGPYJlOIY51QhbKZ3ae","timestamp":"2020-11-25T02:12:31.750Z"}
{"level":"info","message":"Reshuffle Initializing","timestamp":"2020-11-25T02:12:36.031Z"}
{"level":"info","message":"Reshuffle Registering event CRON/HQhqcMsWevds9M2CE4wOT/yePVuWR7b52garzFd60r-","timestamp":"2020-11-25T02:12:36.054Z"}
{"level":"info","message":"Reshuffle Initializing","timestamp":"2020-11-25T02:12:39.971Z"}
{"level":"info","message":"Reshuffle Registering event CRON/MzIPL0IqjGNImicM4zlg5/V7R7gerfjwR801XjAnb1b","timestamp":"2020-11-25T02:12:39.992Z"}
{"level":"info","message":"Reshuffle Initializing","timestamp":"2020-11-25T02:12:43.452Z"}
{"level":"info","message":"Reshuffle Registering event CRON/gQWb6FFlKQTV3GIkH-HX7/G8MvVRQAOwlrwNvzv9iCg","timestamp":"2020-11-25T02:12:43.476Z"}
{"level":"info","message":"Reshuffle Initializing","timestamp":"2020-11-25T02:12:47.279Z"}
{"level":"info","message":"Reshuffle Registering event CRON/IaTOp3UZ6CROSFD0t7aEr/SBG57jI_5GAytu3H3t9a9","timestamp":"2020-11-25T02:12:47.966Z"}
{"level":"info","message":"Reshuffle Initializing","timestamp":"2020-11-25T02:12:54.619Z"}
{"level":"info","message":"Reshuffle Registering event CRON/Vv_U8QItgRkNRZcpz63zA/gIPtycaes47jLQQkHtSjh","timestamp":"2020-11-25T02:12:55.228Z"}
{"level":"info","message":"Reshuffle Initializing","timestamp":"2020-11-25T02:12:57.918Z"}
{"level":"info","message":"Reshuffle Registering event CRON/8-P5cvYl55Whe0BeAyK_z/28ODvEYnCiFOhMKnPiWDX","timestamp":"2020-11-25T02:12:58.657Z"}
{"level":"info","message":"Reshuffle Initializing","timestamp":"2020-11-25T02:13:56.160Z"}
{"level":"info","message":"Reshuffle Registering event CRON/H5evleOP3y5nDel3-yZc5/x9MvlF5PlphJP3ZNziGB3","timestamp":"2020-11-25T02:13:56.170Z"}
{"level":"info","message":"Reshuffle Initializing","timestamp":"2020-11-25T06:14:56.585Z"}
{"level":"info","message":"Reshuffle Registering event CRON/BxJpnexlj_uX-CkANkzEW/zgiPeB6xX3RfX2nqV3eMy","timestamp":"2020-11-25T06:14:56.594Z"}
{"level":"info","message":"Reshuffle Initializing","timestamp":"2020-11-25T06:18:30.576Z"}
{"level":"info","message":"Reshuffle Registering event CRON/NsnUj-TaXBKBgrJNeAcsh/F26rVPtMpE9wQxul3UcG8","timestamp":"2020-11-25T06:18:30.586Z"}
{"level":"info","message":"Reshuffle Initializing","timestamp":"2020-11-25T06:18:41.773Z"}
{"level":"info","message":"Reshuffle Registering event CRON/imT-Sn_VMoUvmH_qvDMOt/IcOTmLpfBQUxLzb6qZ2On","timestamp":"2020-11-25T06:18:41.783Z"}
{"level":"info","message":"Reshuffle Initializing","timestamp":"2020-11-25T06:18:52.067Z"}
{"level":"info","message":"Reshuffle Registering event CRON/fKlkjSeh95vlWiWPZFYvL/XhpM-cyo2_Chlr0hwHUat","timestamp":"2020-11-25T06:18:52.080Z"}
{"level":"info","message":"Reshuffle Initializing","timestamp":"2020-11-25T06:19:25.182Z"}
{"level":"info","message":"Reshuffle Registering event CRON/dL6egNEUtbZybS_zqlMQM/1KLDLyrLZ8JFHlBzm-low","timestamp":"2020-11-25T06:19:25.191Z"}
{"level":"info","message":"Reshuffle Initializing","timestamp":"2020-11-25T06:21:35.553Z"}
{"level":"info","message":"Reshuffle Registering event CRON/daSqwLjzl0gTBj7yBmFQt/pAQz1WfRBHuLRN5EtyRcN","timestamp":"2020-11-25T06:21:35.563Z"}
{"level":"info","message":"Reshuffle Initializing","timestamp":"2020-11-25T06:25:29.259Z"}
{"level":"info","message":"Reshuffle Registering event CRON/FptyeOzPWWBLsJUMotFg8/tjoNBgItADXypjYg9g2OG","timestamp":"2020-11-25T06:25:29.268Z"}
{"level":"info","message":"Reshuffle Initializing","timestamp":"2020-11-25T19:55:19.462Z"}
{"level":"info","message":"Reshuffle Registering event CRON/fyIFqVCNvSw9spgMbB1uv/VDcIwDYvZiaRUjxoOkrUo","timestamp":"2020-11-25T19:55:19.485Z"}
{"level":"info","message":"Reshuffle Initializing","timestamp":"2020-11-25T19:55:44.269Z"}
{"level":"info","message":"Reshuffle Initializing","timestamp":"2020-11-25T19:55:58.607Z"}
{"level":"info","message":"Reshuffle Registering event CRON/cvFf-q387mx4eonfeYxdT/gImWbgh-HdMtFFjasZ3Bk","timestamp":"2020-11-25T19:56:00.850Z"}
{"level":"info","message":"Reshuffle Initializing","timestamp":"2020-11-25T19:56:23.182Z"}
{"level":"info","message":"Reshuffle Registering event CRON/MuXiJxnpEbTIv3VIH2MvU/ZW2d3N-LzN26Ar37uEh5D","timestamp":"2020-11-25T19:56:25.781Z"}
{"level":"info","message":"Reshuffle Initializing","timestamp":"2020-11-25T19:56:28.997Z"}
{"level":"info","message":"Reshuffle Registering event CRON/ptfxN9WyCUq9W2dNsxQ5-/hn3e0wNazx8eLFDVdV-Qv","timestamp":"2020-11-25T19:56:30.772Z"}
{"level":"info","message":"Reshuffle Initializing","timestamp":"2020-11-25T20:04:18.943Z"}
{"level":"info","message":"Reshuffle Registering event CRON/6cORtqqfTeyR95Va-PEnJ/3tXdeNAP-DKgTtgyScavt","timestamp":"2020-11-25T20:04:20.779Z"}
{"level":"info","message":"Reshuffle Initializing","timestamp":"2020-11-25T20:04:23.462Z"}
{"level":"info","message":"Reshuffle Registering event CRON/2tMTxSxH4LKvQBNQ4YSWl/Yf3Q0Rb0gYpLngyJc1HMB","timestamp":"2020-11-25T20:04:25.065Z"}
{"level":"info","message":"Reshuffle Initializing","timestamp":"2020-11-25T20:04:30.695Z"}
{"level":"info","message":"Reshuffle Registering event CRON/xa_z5OZMypsTVuVM3iCAF/ME15RY9mtS8gke25UdY4Y","timestamp":"2020-11-25T20:04:32.685Z"}
{"level":"info","message":"Reshuffle Initializing","timestamp":"2020-11-25T20:05:19.149Z"}
{"level":"info","message":"Reshuffle Registering event CRON/o8mv4oolX7paAh0rRPUhg/Ah4lVWqoweaZY74l1Q6SJ","timestamp":"2020-11-25T20:05:20.463Z"}
{"level":"info","message":"Reshuffle Initializing","timestamp":"2020-11-25T20:05:54.891Z"}
{"level":"info","message":"Reshuffle Registering event CRON/b55kQKH5yxRDN5spQunZb/v2dC9PEzgIv9xtny7CeLu","timestamp":"2020-11-25T20:05:56.258Z"}
{"level":"info","message":"Reshuffle Initializing","timestamp":"2020-11-25T20:06:12.664Z"}
{"level":"info","message":"Reshuffle Registering event CRON/3tvPPZQVEbutkakSuBMAY/xyi5KPp69ezHGXjh9WCyw","timestamp":"2020-11-25T20:06:14.064Z"}
{"level":"info","message":"Reshuffle Initializing","timestamp":"2020-11-25T20:06:52.985Z"}
{"level":"info","message":"Reshuffle Registering event CRON/CQGu_WywaC02NdCSVDz39/4vBeXCm_w7wfkjkrGAMQc","timestamp":"2020-11-25T20:06:54.092Z"}
{"level":"info","message":"Reshuffle Initializing","timestamp":"2020-11-25T20:07:23.314Z"}
{"level":"info","message":"Reshuffle Initializing","timestamp":"2020-11-25T20:07:39.029Z"}
{"level":"info","message":"Reshuffle Registering event CRON/bqO8ys7KvmvJqYnKBKJ6I/PCjb58v4F935f9u8p3G4I","timestamp":"2020-11-25T20:07:40.579Z"}
{"level":"info","message":"Reshuffle Initializing","timestamp":"2020-11-25T20:42:15.315Z"}
{"level":"info","message":"Reshuffle Registering event CRON/v7NQq-pFJ_O3G82Yf6a6a/skVIYqojecAjdSAtzoR1a","timestamp":"2020-11-25T20:42:16.518Z"}
{"level":"info","message":"Reshuffle Initializing","timestamp":"2020-11-25T21:46:11.513Z"}
{"level":"info","message":"Reshuffle Registering event CRON/u5__8BEqpF8qTYSl4OkxU/TLDNOEEuG9d2A7qr95gCf","timestamp":"2020-11-25T21:46:13.499Z"}
{"level":"info","message":"Reshuffle Initializing","timestamp":"2020-11-25T21:46:19.790Z"}
{"level":"info","message":"Reshuffle Registering event CRON/f02qRFI1Ia5lAkp6Q43UP/CEXgfUAksXxavB-F29BYY","timestamp":"2020-11-25T21:46:21.413Z"}
{"level":"info","message":"Reshuffle Initializing","timestamp":"2020-11-25T21:48:03.246Z"}
{"level":"info","message":"Reshuffle Registering event CRON/pfdA3d2qZojtnQAM_ykLJ/Iqp1yFw-y27ihLYduVugM","timestamp":"2020-11-25T21:48:05.172Z"}
{"level":"info","message":"Reshuffle Initializing","timestamp":"2020-11-25T21:48:16.671Z"}
{"level":"info","message":"Reshuffle Registering event CRON/_kRCHvndAF4psDliaKpu3/-eT4hUYzATdmnltuZZbMd","timestamp":"2020-11-25T21:48:18.636Z"}
{"level":"info","message":"Reshuffle Initializing","timestamp":"2020-11-25T21:48:24.740Z"}
{"level":"info","message":"Reshuffle Registering event CRON/7FLxNN0qa48P6auz2ZvGG/fI-T84fYVrluVytmTQSHF","timestamp":"2020-11-25T21:48:26.509Z"}
{"level":"info","message":"Reshuffle Initializing","timestamp":"2020-11-25T21:53:40.391Z"}
{"level":"info","message":"Reshuffle Registering event CRON/B_zSCH8wxKkzhZowhf-zz/m7t3hcI-dOFcKMeTmqMST","timestamp":"2020-11-25T21:53:42.443Z"}
{"level":"info","message":"Reshuffle Initializing","timestamp":"2020-11-25T21:54:20.374Z"}
{"level":"info","message":"Reshuffle Registering event CRON/RmN4AglZxMY4HhXGWIrsP/hjrsDD8nhcon0rtNum45y","timestamp":"2020-11-25T21:54:22.242Z"}
{"level":"info","message":"Reshuffle Initializing","timestamp":"2020-11-25T21:54:57.622Z"}
{"level":"info","message":"Reshuffle Registering event CRON/bNzHlBGLB9Y_-ZbjwNA4C/mkWy4Np43PxiTX3M43x0R","timestamp":"2020-11-25T21:54:59.749Z"}
{"level":"info","message":"Reshuffle Initializing","timestamp":"2020-11-25T21:55:24.022Z"}
{"level":"info","message":"Reshuffle Registering event CRON/KQGurhTGL4BdKuZE8DcK2/veg1qvC1SwLwiIHfVUtFj","timestamp":"2020-11-25T21:55:26.140Z"}
{"level":"info","message":"Reshuffle Initializing","timestamp":"2020-11-25T21:55:38.927Z"}
{"level":"info","message":"Reshuffle Registering event CRON/CrtNsycrEMc1m5oB62MVv/kfZ7kzn7eK9e0oCYwxwlh","timestamp":"2020-11-25T21:55:40.881Z"}
{"level":"info","message":"Reshuffle Initializing","timestamp":"2020-11-25T22:02:39.438Z"}
{"level":"info","message":"Reshuffle Initializing","timestamp":"2020-11-25T22:18:35.876Z"}
{"level":"info","message":"Reshuffle Registering event CRON/fN_qrMm9CES57cAj3jyDS/5F9BT6Lfr_TXdm8d4JHge","timestamp":"2020-11-25T22:18:37.648Z"}
{"level":"info","message":"Reshuffle Initializing","timestamp":"2020-11-25T22:18:54.785Z"}
{"level":"info","message":"Reshuffle Registering event CRON/PBjMUwJMQ-0bMjH6NKU-d/T7EhCZJyWRGYn0vQB2BUr","timestamp":"2020-11-25T22:18:56.154Z"}
{"level":"info","message":"Reshuffle Initializing","timestamp":"2020-11-25T22:22:09.800Z"}
{"level":"info","message":"Reshuffle Registering event CRON/VvO16D7HzUKVFv56EiBoE/3yysf1yRsaTtE0lCyj06_","timestamp":"2020-11-25T22:22:11.321Z"}
{"level":"info","message":"Reshuffle Initializing","timestamp":"2020-11-25T23:20:27.776Z"}
{"level":"info","message":"Reshuffle Registering event CRON/iCBqNsopMj5oo5VBSK2GK/MW-kRcpL777_yQSSOMvTw","timestamp":"2020-11-25T23:20:28.489Z"}
{"level":"info","message":"Reshuffle Initializing","timestamp":"2020-11-25T23:20:37.400Z"}
{"level":"info","message":"Reshuffle Registering event CRON/SfPvES5bTo5KapxFa1QsP/zL80Gcxhc16nzITYUOLgs","timestamp":"2020-11-25T23:20:38.030Z"}
{"level":"info","message":"Reshuffle Initializing","timestamp":"2020-11-25T23:20:46.651Z"}
{"level":"info","message":"Reshuffle Registering event CRON/yWJQ64gQUyowj4JjnMqCk/MpbdIV7NFPOuKslseASuX","timestamp":"2020-11-25T23:20:47.316Z"}
{"handlerId":"M-282MoE46pDcELqsWGL1","level":"error","message":"StatusCodeError: 400 - {\"errorMessages\":[],\"errors\":{\"issuetype\":\"issue type is required\"}}\n    at new StatusCodeError (/Users/alanlee/Desktop/reshuffle-projects/recurring-jira-issues/node_modules/request-promise-core/lib/errors.js:32:15)\n    at Request.plumbing.callback (/Users/alanlee/Desktop/reshuffle-projects/recurring-jira-issues/node_modules/request-promise-core/lib/plumbing.js:104:33)\n    at Request.RP$callback [as _callback] (/Users/alanlee/Desktop/reshuffle-projects/recurring-jira-issues/node_modules/request-promise-core/lib/plumbing.js:46:31)\n    at Request.self.callback (/Users/alanlee/Desktop/reshuffle-projects/recurring-jira-issues/node_modules/request/request.js:185:22)\n    at Request.emit (events.js:315:20)\n    at Request.<anonymous> (/Users/alanlee/Desktop/reshuffle-projects/recurring-jira-issues/node_modules/request/request.js:1154:10)\n    at Request.emit (events.js:315:20)\n    at IncomingMessage.<anonymous> (/Users/alanlee/Desktop/reshuffle-projects/recurring-jira-issues/node_modules/request/request.js:1076:12)\n    at Object.onceWrapper (events.js:421:28)\n    at IncomingMessage.emit (events.js:327:22)\n    at endReadableNT (_stream_readable.js:1225:12)\n    at processTicksAndRejections (internal/process/task_queues.js:84:21)","timestamp":"2020-11-25T23:21:01.984Z"}
{"level":"info","message":"Reshuffle Initializing","timestamp":"2020-11-25T23:21:35.616Z"}
{"level":"info","message":"Reshuffle Registering event CRON/RXkj8Nj1AkAGFuAjh3017/U040DpqEe1B1-gTSnc0TF","timestamp":"2020-11-25T23:21:36.317Z"}
{"level":"info","message":"Reshuffle Initializing","timestamp":"2020-11-30T20:47:10.491Z"}
{"level":"info","message":"Reshuffle Registering event CRON/fRwTPy2X4d4knjQFojYOq/P8tIvhI8YsD69TuDlEneg","timestamp":"2020-11-30T20:47:11.169Z"}
{"level":"info","message":"Reshuffle Initializing","timestamp":"2020-11-30T20:47:20.271Z"}
{"level":"info","message":"Reshuffle Registering event CRON/XnUnkhN1uLOiH1jLU2mu4/SY1vyL1wbP_tgOi6ckqq4","timestamp":"2020-11-30T20:47:21.142Z"}
{"level":"info","message":"Reshuffle Initializing","timestamp":"2020-11-30T20:47:40.672Z"}
{"level":"info","message":"Reshuffle Registering event CRON/on9GrCLLTP0RDcMvz4IHl/OEz-SAwBibcsJoktcnKIO","timestamp":"2020-11-30T20:47:41.414Z"}
{"level":"info","message":"Reshuffle Initializing","timestamp":"2020-11-30T20:47:57.975Z"}
{"level":"info","message":"Reshuffle Registering event CRON/7momlwGDaNTC-EXnvfYdJ/yKiFyIVcZI-XZjzZj11Rv","timestamp":"2020-11-30T20:47:58.011Z"}
{"level":"info","message":"Reshuffle Initializing","timestamp":"2020-11-30T20:48:08.091Z"}
{"level":"info","message":"Reshuffle Registering event CRON/FhQpIW8mrWwgQ7f2eo4DF/kZuljtGjqfXlIVWHeK1CZ","timestamp":"2020-11-30T20:48:08.159Z"}
{"level":"info","message":"Reshuffle Initializing","timestamp":"2020-11-30T20:49:45.218Z"}
{"level":"info","message":"Reshuffle Registering event CRON/EI8dKc9j0K11pExbIPbyp/WvaCbQMHCxbIPAASCMRrx","timestamp":"2020-11-30T20:49:45.235Z"}
{"level":"info","message":"Reshuffle Initializing","timestamp":"2020-11-30T20:50:35.626Z"}
{"level":"info","message":"Reshuffle Registering event CRON/ygSRCjd-ahkvJ-zeyiNG8/7OgOZgF52e2FA1uzstFz2","timestamp":"2020-11-30T20:50:35.637Z"}
{"level":"info","message":"Reshuffle Initializing","timestamp":"2020-11-30T20:50:55.032Z"}
{"level":"info","message":"Reshuffle Registering event CRON/cMvrHT6_yr3erCBNCSwV0/9MUs5oX2xv9CuteiQBK6T","timestamp":"2020-11-30T20:50:55.090Z"}
{"level":"info","message":"Reshuffle Initializing","timestamp":"2020-11-30T20:52:44.211Z"}
{"level":"info","message":"Reshuffle Registering event CRON/JP67QQ2kZiwwIXtd3sw0B/tXMey9LjvT2Vbhkic6qRB","timestamp":"2020-11-30T20:52:44.253Z"}
{"level":"info","message":"Reshuffle Initializing","timestamp":"2020-11-30T20:53:12.763Z"}
{"level":"info","message":"Reshuffle Registering event CRON/z5nUAUZD63p5FfMnAEOGp/T12yxjep9GxlirSVFIn0F","timestamp":"2020-11-30T20:53:12.825Z"}
{"level":"info","message":"Reshuffle Initializing","timestamp":"2020-11-30T20:53:26.421Z"}
{"level":"info","message":"Reshuffle Registering event CRON/5_BH-A1C2774FYED9oXoD/L5Z4nMQnlGB_ITgNQvhBa","timestamp":"2020-11-30T20:53:26.431Z"}
{"level":"info","message":"Reshuffle Initializing","timestamp":"2020-11-30T20:53:32.436Z"}
{"level":"info","message":"Reshuffle Registering event CRON/mT6El0J6KKQCn1WjmTkKu/YX5KZncucBkbP8T6Yx77_","timestamp":"2020-11-30T20:53:32.447Z"}
{"level":"info","message":"Reshuffle Initializing","timestamp":"2020-11-30T21:16:00.868Z"}
{"level":"info","message":"Reshuffle Registering event CRON/b_pTL1rKcF_3DUoUeFSrH/v_YyCBeTq2I40yp6TYJQS","timestamp":"2020-11-30T21:16:00.933Z"}
{"level":"info","message":"Reshuffle Initializing","timestamp":"2020-12-01T01:41:41.286Z"}
{"level":"info","message":"Reshuffle Registering event CRON/uZ_My0mLzSxNmKLfrtLLj/I-ordepytRNxaJDOZ4_24","timestamp":"2020-12-01T01:41:41.428Z"}
{"level":"info","message":"Reshuffle Initializing","timestamp":"2020-12-02T01:29:08.310Z"}
{"level":"info","message":"Reshuffle Registering event CRON/6KoY_fq-RQaxJVqJLaiVM/03sdrlwl7oq6n5dgKWvJb","timestamp":"2020-12-02T01:29:08.335Z"}
{"level":"info","message":"Reshuffle Initializing","timestamp":"2020-12-02T01:29:54.798Z"}
{"level":"info","message":"Reshuffle Registering event CRON/8OYR3seoh-Xq8wOluck73/eR2cnVqeu0yEZZqHrHfgy","timestamp":"2020-12-02T01:29:54.850Z"}
{"level":"info","message":"Reshuffle Initializing","timestamp":"2020-12-02T01:30:43.302Z"}
{"level":"info","message":"Reshuffle Registering event CRON/rUx8RugE2MlvVQhqQDHFh/jH2hDr3KucgWrYrCtnOtF","timestamp":"2020-12-02T01:30:43.786Z"}
{"level":"info","message":"Reshuffle Initializing","timestamp":"2020-12-02T01:32:26.464Z"}
{"level":"info","message":"Reshuffle Registering event CRON/rM0ublrsz4wlHwd_R-5bO/o0rMWoJYUVKoSs-aif5OI","timestamp":"2020-12-02T01:32:26.856Z"}
{"level":"info","message":"Reshuffle Initializing","timestamp":"2020-12-02T01:33:24.452Z"}
{"level":"info","message":"Reshuffle Registering event CRON/vnHHlWDaSFCffy8izbiqy/bxpR-mN9CZ1WZ2rr3sMP_","timestamp":"2020-12-02T01:33:24.914Z"}
{"level":"info","message":"Reshuffle Initializing","timestamp":"2020-12-02T01:33:39.283Z"}
{"level":"info","message":"Reshuffle Registering event CRON/u7L5d6KFklfLOClbzw0dW/iP9bDhr2O-a6OTR-cSNXn","timestamp":"2020-12-02T01:33:39.857Z"}
{"level":"info","message":"Reshuffle Initializing","timestamp":"2020-12-02T01:33:43.919Z"}
{"level":"info","message":"Reshuffle Registering event CRON/yV-mvxlM0KiHmpNrn9wk-/dMcdRN-ZR4N5ytXEhernZ","timestamp":"2020-12-02T01:33:44.269Z"}
{"level":"info","message":"Reshuffle Initializing","timestamp":"2020-12-02T01:33:48.719Z"}
{"level":"info","message":"Reshuffle Registering event CRON/jSySGAMDHjbgDl8APffxo/naAABlPw6VuPZ2QCF4J13","timestamp":"2020-12-02T01:33:49.165Z"}
{"level":"info","message":"Reshuffle Initializing","timestamp":"2020-12-02T01:34:00.947Z"}
{"level":"info","message":"Reshuffle Registering event CRON/jkCHnqAVaPfFETMTiRhrE/fmrb3jphtgIAtH18ROgmM","timestamp":"2020-12-02T01:34:01.386Z"}
{"level":"info","message":"Reshuffle Initializing","timestamp":"2020-12-02T01:36:09.865Z"}
{"level":"info","message":"Reshuffle Registering event CRON/YZgrVf4JTLuQZuR9zRI7o/U39ek-NlWL_sU33l-aWr4","timestamp":"2020-12-02T01:36:09.928Z"}
{"level":"info","message":"Reshuffle Initializing","timestamp":"2020-12-02T01:36:44.707Z"}
{"level":"info","message":"Reshuffle Initializing","timestamp":"2020-12-02T01:36:47.311Z"}
{"level":"info","message":"Reshuffle Registering event CRON/i5BHCQb5tbjc3-wfFpZgz/GRl_LADhOU-DLOcaXO20s","timestamp":"2020-12-02T01:36:47.386Z"}
{"level":"info","message":"Reshuffle Initializing","timestamp":"2020-12-02T01:37:00.106Z"}
{"level":"info","message":"Reshuffle Registering event CRON/Epovcn2_3ryzylLHAWIbd/I5R_LR7AM9IHAXNLwkPc7","timestamp":"2020-12-02T01:37:00.400Z"}
{"level":"info","message":"Reshuffle Initializing","timestamp":"2020-12-02T01:37:07.021Z"}
{"level":"info","message":"Reshuffle Registering event CRON/rm0VhqSjspL-0c1Nzx3pM/S9TTLODGz649Em3IUptFd","timestamp":"2020-12-02T01:37:07.045Z"}
{"level":"info","message":"Reshuffle Initializing","timestamp":"2020-12-02T01:37:33.254Z"}
{"level":"info","message":"Reshuffle Registering event CRON/2JTmipHtCdXJXbB3fx1yI/IwnNYybIz9dN06DQUUR73","timestamp":"2020-12-02T01:37:33.763Z"}
{"level":"info","message":"Reshuffle Initializing","timestamp":"2020-12-02T01:37:43.408Z"}
{"level":"info","message":"Reshuffle Registering event CRON/pWPzANtbY7Xg1kBACl3wJ/yn-dK3LCUYAVmVviYjAGv","timestamp":"2020-12-02T01:37:44.246Z"}
{"level":"info","message":"Reshuffle Initializing","timestamp":"2020-12-02T01:37:52.880Z"}
{"level":"info","message":"Reshuffle Registering event CRON/N5zyNaqcZ3jRdI22UU_Xj/a2ER46yqKGTN2wYHVnKAH","timestamp":"2020-12-02T01:37:53.312Z"}
{"level":"info","message":"Reshuffle Initializing","timestamp":"2020-12-02T01:40:05.375Z"}
{"level":"info","message":"Reshuffle Registering event CRON/llj_jse8Td_QopnC5ru6N/sy9Q2xRGJUNqDgJKBXCm4","timestamp":"2020-12-02T01:40:05.973Z"}
{"level":"info","message":"Reshuffle Initializing","timestamp":"2020-12-02T01:46:36.491Z"}
{"level":"info","message":"Reshuffle Registering event CRON/qrMDZO2Sf_r3TaAMJXwKa/1HIij47nfImI9zQG87Ulf","timestamp":"2020-12-02T01:46:37.155Z"}
{"level":"info","message":"Reshuffle Initializing","timestamp":"2020-12-02T01:46:48.065Z"}
{"level":"info","message":"Reshuffle Registering event CRON/xfEY9uHSnVAJBA4au7H69/p6vDC5K4rZOAoMzcUvnhQ","timestamp":"2020-12-02T01:46:48.675Z"}
{"level":"info","message":"Reshuffle Initializing","timestamp":"2020-12-02T01:51:37.691Z"}
{"level":"info","message":"Reshuffle Registering event CRON/5sBzSk2d27A4FIe5LfhS2/JuLYkqGsUwAQh4TPn6hDF","timestamp":"2020-12-02T01:51:38.114Z"}
{"level":"info","message":"Reshuffle Initializing","timestamp":"2020-12-02T01:52:35.688Z"}
{"level":"info","message":"Reshuffle Initializing","timestamp":"2020-12-02T01:53:11.155Z"}
{"level":"info","message":"Reshuffle Initializing","timestamp":"2020-12-02T01:53:49.282Z"}
{"level":"info","message":"Reshuffle Registering event CRON/hKFiUXWyVcc3kjbRnz6fY/qQjTUTca1NXTWwiDGiJOX","timestamp":"2020-12-02T01:53:49.703Z"}
{"level":"info","message":"Reshuffle Initializing","timestamp":"2020-12-02T01:54:08.333Z"}
{"level":"info","message":"Reshuffle Registering event CRON/HS9ZMmyjth2MpET5Ve8Oi/lfrudOELGxwA4OSZD_h5J","timestamp":"2020-12-02T01:54:08.968Z"}
{"level":"info","message":"Reshuffle Initializing","timestamp":"2020-12-02T01:54:31.678Z"}
{"level":"info","message":"Reshuffle Initializing","timestamp":"2020-12-02T01:55:11.581Z"}
{"level":"info","message":"Reshuffle Initializing","timestamp":"2020-12-02T02:02:24.907Z"}
{"level":"info","message":"Reshuffle Initializing","timestamp":"2020-12-02T02:05:00.996Z"}
{"level":"info","message":"Reshuffle Registering event CRON/x4dBWz84vPJtLwg1GDxKq/hoU9IEsxHjVuE7iTwr4NU","timestamp":"2020-12-02T02:05:01.417Z"}
{"level":"info","message":"Reshuffle Initializing","timestamp":"2020-12-02T02:05:10.653Z"}
{"level":"info","message":"Reshuffle Registering event CRON/ZvoABdJMVaxVMvfsrRk77/CacWnU3WJTV9kpVoXI9I2","timestamp":"2020-12-02T02:05:11.032Z"}
{"level":"info","message":"Reshuffle Initializing","timestamp":"2020-12-02T02:05:25.705Z"}
{"level":"info","message":"Reshuffle Registering event CRON/Kf1aXrjU8F1XBkNeDLRjM/jwfdfjpE1WvLV3iUbP1JH","timestamp":"2020-12-02T02:05:26.072Z"}
{"level":"info","message":"Reshuffle Initializing","timestamp":"2020-12-02T02:05:32.987Z"}
{"level":"info","message":"Reshuffle Registering event CRON/KmbdyKxSpCUU0eG_oDrSs/87s0UIICQk6ap1b2qWOsp","timestamp":"2020-12-02T02:05:33.504Z"}
{"level":"info","message":"Reshuffle Initializing","timestamp":"2020-12-02T02:05:40.484Z"}
{"level":"info","message":"Reshuffle Registering event CRON/36OzXnLHqOYK3MduUAOgc/49TMDQYJzi5Te7dTiGcBA","timestamp":"2020-12-02T02:05:41.011Z"}
{"level":"info","message":"Reshuffle Initializing","timestamp":"2020-12-02T02:06:54.892Z"}
{"level":"info","message":"Reshuffle Registering event CRON/kRtma8IhZU6zvFeNgTAvC/1-xV0pC6oQowvpnd2RNQi","timestamp":"2020-12-02T02:06:55.274Z"}
